2013-08-07 11:24:06,784 [[ACTIVE] ExecuteThread: '0' for queue: 'weblogic.kernel.Default (self-tuning)'] U:osl@OSL-NM A:fbd0e570 [PROFILER:132] DEBUG - URI=[/ma/entry], G, time=9ms
2013-08-07 11:24:06,902 [[ACTIVE] ExecuteThread: '1' for queue: 'weblogic.kernel.Default (self-tuning)'] U:osl@OSL-NM A:fbd0e570 [PROFILER:132] DEBUG - URI=[/ma/admin2/renewPassword], G, time=3ms
2013-08-07 11:24:30,914 [[ACTIVE] ExecuteThread: '58' for queue: 'weblogic.kernel.Default (self-tuning)'] U:osl@OSL-NM A:fbd0e570 [net.therap.common.dao.LoginDaoImpl:772] INFO  - Updating/Saving Login, id=228373
2013-08-07 11:24:30,926 [[ACTIVE] ExecuteThread: '58' for queue: 'weblogic.kernel.Default (self-tuning)'] U:osl@OSL-NM A:fbd0e570 [PROFILER:132] DEBUG - URI=[/ma/admin2/renewPassword], P, time=13ms
2013-08-07 11:24:31,038 [[ACTIVE] ExecuteThread: '44' for queue: 'weblogic.kernel.Default (self-tuning)'] U:osl@OSL-NM A:fbd0e570 [PROFILER:132] DEBUG - URI=[/ma/entry], G, time=0ms
2013-08-07 11:24:31,161 [[ACTIVE] ExecuteThread: '58' for queue: 'weblogic.kernel.Default (self-tuning)'] U:osl@OSL-NM A:fbd0e570 [PROFILER:132] DEBUG - URI=[/ma/splash/view], G, time=10ms
2013-08-07 11:24:31,498 [[ACTIVE] ExecuteThread: '44' for queue: 'weblogic.kernel.Default (self-tuning)'] U:osl@OSL-NM A:fbd0e570 [PROFILER:132] DEBUG - URI=[/ma/splash/messageView], G, time=2ms
2013-08-07 11:24:31,624 [[ACTIVE] ExecuteThread: '20' for queue: 'weblogic.kernel.Default (self-tuning)'] U:osl@OSL-NM A:fbd0e570 [net.therap.common.dao.ImageDaoImpl:101] INFO  - MET:IMAGE:display id=343169, size=8184, time=3
2013-08-07 11:24:31,627 [[ACTIVE] ExecuteThread: '20' for queue: 'weblogic.kernel.Default (self-tuning)'] U:osl@OSL-NM A:fbd0e570 [PROFILER:132] DEBUG - URI=[/ma/common/image/imageContent], G, time=7ms
2013-08-07 11:24:34,592 [[ACTIVE] ExecuteThread: '56' for queue: 'weblogic.kernel.Default (self-tuning)'] U:osl@OSL-NM A:fbd0e570 [PROFILER:132] DEBUG - URI=[/ma/splash/view], P, time=0ms
2013-08-07 11:24:34,704 [[ACTIVE] ExecuteThread: '21' for queue: 'weblogic.kernel.Default (self-tuning)'] U:osl@OSL-NM A:fbd0e570 [net.therap.common.web.EntryController:48] INFO  - MET:LOGIN:Forwarding to first page
2013-08-07 11:24:34,706 [[ACTIVE] ExecuteThread: '21' for queue: 'weblogic.kernel.Default (self-tuning)'] U:osl@OSL-NM A:fbd0e570 [PROFILER:132] DEBUG - URI=[/ma/entry], G, time=2ms
2013-08-07 11:24:34,834 [[ACTIVE] ExecuteThread: '0' for queue: 'weblogic.kernel.Default (self-tuning)'] U:osl@OSL-NM A:fbd0e570 [PROFILER:132] DEBUG - URI=[/ma/fpage/dashboard], G, time=0ms
2013-08-07 11:24:34,948 [[ACTIVE] ExecuteThread: '2' for queue: 'weblogic.kernel.Default (self-tuning)'] U:osl@OSL-NM A:fbd0e570 [PROFILER:132] DEBUG - URI=[/ma/newfpage/switchFirstPage], G, time=1ms
2013-08-07 11:24:35,138 [[ACTIVE] ExecuteThread: '55' for queue: 'weblogic.kernel.Default (self-tuning)'] U:osl@OSL-NM A:fbd0e570 [PROFILER:132] DEBUG - URI=[/ma/newfpage/admin], G, time=80ms
2013-08-07 11:24:48,406 [[ACTIVE] ExecuteThread: '56' for queue: 'weblogic.kernel.Default (self-tuning)'] U:osl@OSL-NM A:fbd0e570 [PROFILER:132] DEBUG - URI=[/ma/unifiedClient/waitingList], G, time=19ms
2013-08-07 11:24:52,333 [[ACTIVE] ExecuteThread: '56' for queue: 'weblogic.kernel.Default (self-tuning)'] U:osl@OSL-NM A:fbd0e570 [PROFILER:132] DEBUG - URI=[/ma/newfpage/admin], G, time=38ms
2013-08-07 11:24:55,122 [[ACTIVE] ExecuteThread: '0' for queue: 'weblogic.kernel.Default (self-tuning)'] U:osl@OSL-NM A:fbd0e570 [PROFILER:132] DEBUG - URI=[/ma/unifiedClient/entryForm], G, time=44ms
2013-08-07 11:25:01,374 [[ACTIVE] ExecuteThread: '40' for queue: 'weblogic.kernel.Default (self-tuning)'] U:osl@OSL-NM A:fbd0e570 [PROFILER:132] DEBUG - URI=[/ma/unifiedClient/entryForm], P, time=14ms
2013-08-07 11:25:01,519 [[ACTIVE] ExecuteThread: '0' for queue: 'weblogic.kernel.Default (self-tuning)'] U:osl@OSL-NM A:fbd0e570 [PROFILER:132] DEBUG - URI=[/ma/fpage/dashboard], G, time=0ms
2013-08-07 11:25:01,659 [[ACTIVE] ExecuteThread: '0' for queue: 'weblogic.kernel.Default (self-tuning)'] U:osl@OSL-NM A:fbd0e570 [PROFILER:132] DEBUG - URI=[/ma/newfpage/admin], G, time=28ms
2013-08-07 11:25:25,298 [[ACTIVE] ExecuteThread: '48' for queue: 'weblogic.kernel.Default (self-tuning)'] U:osl@OSL-NM A:fbd0e570 [PROFILER:132] DEBUG - URI=[/ma/client/clientList.do], G, time=24ms
2013-08-07 11:25:31,280 [[ACTIVE] ExecuteThread: '2' for queue: 'weblogic.kernel.Default (self-tuning)'] U:osl@OSL-NM A:fbd0e570 [net.therap.admin.common.ProgramListBean:42] DEBUG - Initialize Program list, provId=337554
2013-08-07 11:25:31,287 [[ACTIVE] ExecuteThread: '2' for queue: 'weblogic.kernel.Default (self-tuning)'] U:osl@OSL-NM A:fbd0e570 [net.therap.admin.privilege.ClientEnrollmentBean:42] DEBUG - initializeBean:-e clientId=7481091
2013-08-07 11:25:31,295 [[ACTIVE] ExecuteThread: '2' for queue: 'weblogic.kernel.Default (self-tuning)'] U:osl@OSL-NM A:fbd0e570 [net.therap.core.service.ClientUpdateManagerBean:61] DEBUG - Loaded client, formId: IDF-OSLNM-BA94PW2J855W4
2013-08-07 11:25:31,401 [[ACTIVE] ExecuteThread: '2' for queue: 'weblogic.kernel.Default (self-tuning)'] U:osl@OSL-NM A:fbd0e570 [PROFILER:132] DEBUG - URI=[/admin/privilege/clientEnrollment.xhtml], G, time=137ms
2013-08-07 11:25:44,366 [[ACTIVE] ExecuteThread: '2' for queue: 'weblogic.kernel.Default (self-tuning)'] U:osl@OSL-NM A:fbd0e570 [net.therap.admin.privilege.ClientEnrollmentBean:42] DEBUG - User pressed 'cancel', discarding changes
2013-08-07 11:25:44,370 [[ACTIVE] ExecuteThread: '2' for queue: 'weblogic.kernel.Default (self-tuning)'] U:osl@OSL-NM A:fbd0e570 [net.therap.core.service.ClientUpdateManagerBean:442] DEBUG - Destroying bean
2013-08-07 11:25:44,374 [[ACTIVE] ExecuteThread: '2' for queue: 'weblogic.kernel.Default (self-tuning)'] U:osl@OSL-NM A:fbd0e570 [PROFILER:132] DEBUG - URI=[/admin/privilege/clientEnrollment.xhtml], P, time=18ms
2013-08-07 11:25:44,547 [[ACTIVE] ExecuteThread: '58' for queue: 'weblogic.kernel.Default (self-tuning)'] U:osl@OSL-NM A:fbd0e570 [PROFILER:132] DEBUG - URI=[/ma/client/clientList.do], G, time=18ms
2013-08-07 11:25:59,164 [[ACTIVE] ExecuteThread: '2' for queue: 'weblogic.kernel.Default (self-tuning)'] U:osl@OSL-NM A:fbd0e570 [net.therap.admin.common.ProgramListBean:42] DEBUG - Initialize Program list, provId=337554
2013-08-07 11:25:59,170 [[ACTIVE] ExecuteThread: '2' for queue: 'weblogic.kernel.Default (self-tuning)'] U:osl@OSL-NM A:fbd0e570 [net.therap.admin.privilege.ClientEnrollmentBean:42] DEBUG - initializeBean:-e clientId=7458101
2013-08-07 11:25:59,176 [[ACTIVE] ExecuteThread: '2' for queue: 'weblogic.kernel.Default (self-tuning)'] U:osl@OSL-NM A:fbd0e570 [net.therap.core.service.ClientUpdateManagerBean:61] DEBUG - Loaded client, formId: IDF-OSLNM-B9M3WMMUJA
2013-08-07 11:25:59,260 [[ACTIVE] ExecuteThread: '2' for queue: 'weblogic.kernel.Default (self-tuning)'] U:osl@OSL-NM A:fbd0e570 [PROFILER:132] DEBUG - URI=[/admin/privilege/clientEnrollment.xhtml], G, time=112ms
2013-08-07 11:26:03,375 [[ACTIVE] ExecuteThread: '40' for queue: 'weblogic.kernel.Default (self-tuning)'] U:osl@OSL-NM A:fbd0e570 [net.therap.admin.privilege.ClientEnrollmentBean:42] DEBUG - User pressed 'cancel', discarding changes
2013-08-07 11:26:03,380 [[ACTIVE] ExecuteThread: '40' for queue: 'weblogic.kernel.Default (self-tuning)'] U:osl@OSL-NM A:fbd0e570 [net.therap.core.service.ClientUpdateManagerBean:442] DEBUG - Destroying bean
2013-08-07 11:26:03,384 [[ACTIVE] ExecuteThread: '40' for queue: 'weblogic.kernel.Default (self-tuning)'] U:osl@OSL-NM A:fbd0e570 [PROFILER:132] DEBUG - URI=[/admin/privilege/clientEnrollment.xhtml], P, time=27ms
2013-08-07 11:26:03,517 [[ACTIVE] ExecuteThread: '48' for queue: 'weblogic.kernel.Default (self-tuning)'] U:osl@OSL-NM A:fbd0e570 [PROFILER:132] DEBUG - URI=[/ma/client/clientList.do], G, time=18ms
2013-08-07 11:26:16,954 [[ACTIVE] ExecuteThread: '20' for queue: 'weblogic.kernel.Default (self-tuning)'] U:osl@OSL-NM A:fbd0e570 [PROFILER:132] DEBUG - URI=[/ma/client/clientList.do], G, time=17ms
2013-08-07 11:26:35,753 [[ACTIVE] ExecuteThread: '20' for queue: 'weblogic.kernel.Default (self-tuning)'] U:osl@OSL-NM A:fbd0e570 [PROFILER:132] DEBUG - URI=[/ma/client/clientList.do], G, time=17ms
2013-08-07 11:26:42,219 [[ACTIVE] ExecuteThread: '40' for queue: 'weblogic.kernel.Default (self-tuning)'] U:osl@OSL-NM A:fbd0e570 [net.therap.admin.common.ProgramListBean:42] DEBUG - Initialize Program list, provId=337554
2013-08-07 11:26:42,225 [[ACTIVE] ExecuteThread: '40' for queue: 'weblogic.kernel.Default (self-tuning)'] U:osl@OSL-NM A:fbd0e570 [net.therap.admin.privilege.ClientEnrollmentBean:42] DEBUG - initializeBean:-e clientId=7443419
2013-08-07 11:26:42,233 [[ACTIVE] ExecuteThread: '40' for queue: 'weblogic.kernel.Default (self-tuning)'] U:osl@OSL-NM A:fbd0e570 [net.therap.core.service.ClientUpdateManagerBean:61] DEBUG - Loaded client, formId: IDF-OSLNM-B9D42J27SY
2013-08-07 11:26:42,317 [[ACTIVE] ExecuteThread: '40' for queue: 'weblogic.kernel.Default (self-tuning)'] U:osl@OSL-NM A:fbd0e570 [PROFILER:132] DEBUG - URI=[/admin/privilege/clientEnrollment.xhtml], G, time=113ms
2013-08-07 11:26:48,193 [[ACTIVE] ExecuteThread: '40' for queue: 'weblogic.kernel.Default (self-tuning)'] U:osl@OSL-NM A:fbd0e570 [net.therap.admin.privilege.ClientEnrollmentBean:42] DEBUG - User pressed 'cancel', discarding changes
2013-08-07 11:26:48,197 [[ACTIVE] ExecuteThread: '40' for queue: 'weblogic.kernel.Default (self-tuning)'] U:osl@OSL-NM A:fbd0e570 [net.therap.core.service.ClientUpdateManagerBean:442] DEBUG - Destroying bean
2013-08-07 11:26:48,199 [[ACTIVE] ExecuteThread: '40' for queue: 'weblogic.kernel.Default (self-tuning)'] U:osl@OSL-NM A:fbd0e570 [PROFILER:132] DEBUG - URI=[/admin/privilege/clientEnrollment.xhtml], P, time=19ms
2013-08-07 11:26:48,351 [[ACTIVE] ExecuteThread: '40' for queue: 'weblogic.kernel.Default (self-tuning)'] U:osl@OSL-NM A:fbd0e570 [PROFILER:132] DEBUG - URI=[/ma/client/clientList.do], G, time=16ms
2013-08-07 11:26:53,383 [[ACTIVE] ExecuteThread: '19' for queue: 'weblogic.kernel.Default (self-tuning)'] U:osl@OSL-NM A:fbd0e570 [PROFILER:132] DEBUG - URI=[/ma/fpage/dashboard], G, time=0ms
2013-08-07 11:26:53,539 [[ACTIVE] ExecuteThread: '19' for queue: 'weblogic.kernel.Default (self-tuning)'] U:osl@OSL-NM A:fbd0e570 [PROFILER:132] DEBUG - URI=[/ma/newfpage/admin], G, time=40ms
2013-08-07 11:27:08,262 [[ACTIVE] ExecuteThread: '19' for queue: 'weblogic.kernel.Default (self-tuning)'] U:osl@OSL-NM A:fbd0e570 [net.therap.provAdmin.web.AdminCapabilityAssignmentListController:57] DEBUG - in handleRequestInternal-
2013-08-07 11:27:08,309 [[ACTIVE] ExecuteThread: '19' for queue: 'weblogic.kernel.Default (self-tuning)'] U:osl@OSL-NM A:fbd0e570 [PROFILER:132] DEBUG - URI=[/ma/padmin/adminCapabilityAssignmentList], G, time=47ms
2013-08-07 11:27:28,301 [[ACTIVE] ExecuteThread: '19' for queue: 'weblogic.kernel.Default (self-tuning)'] U:osl@OSL-NM A:fbd0e570 [PROFILER:132] DEBUG - URI=[/ma/fpage/dashboard], G, time=0ms
2013-08-07 11:27:28,453 [[ACTIVE] ExecuteThread: '20' for queue: 'weblogic.kernel.Default (self-tuning)'] U:osl@OSL-NM A:fbd0e570 [PROFILER:132] DEBUG - URI=[/ma/newfpage/admin], G, time=35ms
2013-08-07 11:27:38,255 [[ACTIVE] ExecuteThread: '58' for queue: 'weblogic.kernel.Default (self-tuning)'] U:osl@OSL-NM A:fbd0e570 [net.therap.admin.common.UserListBean:42] DEBUG - Initialize user list, provId=337554
2013-08-07 11:27:38,311 [[ACTIVE] ExecuteThread: '58' for queue: 'weblogic.kernel.Default (self-tuning)'] U:osl@OSL-NM A:fbd0e570 [PROFILER:132] DEBUG - URI=[/admin/privilege/userList.xhtml], G, time=63ms
2013-08-07 11:27:53,311 [[ACTIVE] ExecuteThread: '20' for queue: 'weblogic.kernel.Default (self-tuning)'] U:osl@OSL-NM A:fbd0e570 [net.therap.admin.privilege.CaseloadListBean:42] DEBUG - Initialize caseload list, provId=337554
2013-08-07 11:27:53,319 [[ACTIVE] ExecuteThread: '20' for queue: 'weblogic.kernel.Default (self-tuning)'] U:osl@OSL-NM A:fbd0e570 [net.therap.admin.privilege.SuperRoleListBean:42] DEBUG - Initialize super role list, provId=337554
2013-08-07 11:27:53,340 [[ACTIVE] ExecuteThread: '20' for queue: 'weblogic.kernel.Default (self-tuning)'] U:osl@OSL-NM A:fbd0e570 [net.therap.admin.privilege.RegularPrivilegeBean:42] DEBUG - initializeBean-e: loading login privilege userId=531674
2013-08-07 11:27:53,348 [[ACTIVE] ExecuteThread: '20' for queue: 'weblogic.kernel.Default (self-tuning)'] U:osl@OSL-NM A:fbd0e570 [net.therap.core.service.PrivilegeManagerBean:51] DEBUG - Loaded privilege, id: 531674
2013-08-07 11:27:53,362 [[ACTIVE] ExecuteThread: '20' for queue: 'weblogic.kernel.Default (self-tuning)'] U:osl@OSL-NM A:fbd0e570 [PROFILER:132] DEBUG - URI=[/admin/privilege/userList.xhtml], P, time=71ms
2013-08-07 11:27:53,586 [[ACTIVE] ExecuteThread: '21' for queue: 'weblogic.kernel.Default (self-tuning)'] U:osl@OSL-NM A:fbd0e570 [net.therap.admin.privilege.CaseloadListBean:42] DEBUG - Initialize caseload list, provId=337554
2013-08-07 11:27:53,592 [[ACTIVE] ExecuteThread: '21' for queue: 'weblogic.kernel.Default (self-tuning)'] U:osl@OSL-NM A:fbd0e570 [net.therap.admin.privilege.SuperRoleListBean:42] DEBUG - Initialize super role list, provId=337554
2013-08-07 11:27:53,638 [[ACTIVE] ExecuteThread: '21' for queue: 'weblogic.kernel.Default (self-tuning)'] U:osl@OSL-NM A:fbd0e570 [PROFILER:132] DEBUG - URI=[/admin/privilege/regularUserPrivilege.xhtml], G, time=159ms
2013-08-07 11:28:17,956 [[ACTIVE] ExecuteThread: '20' for queue: 'weblogic.kernel.Default (self-tuning)'] U:osl@OSL-NM A:fbd0e570 [net.therap.core.service.ArchiverServiceBean:30] DEBUG - archive-e: archivableClass=net.therap.db.entity.common.LoginPrivilege, changedBy=Login{id=228373, loginName='osl'}, tz=US/Mountain
2013-08-07 11:28:18,059 [[ACTIVE] ExecuteThread: '20' for queue: 'weblogic.kernel.Default (self-tuning)'] U:osl@OSL-NM A:fbd0e570 [net.therap.core.service.PrivilegeManagerBean:147] INFO  - Updated privilege, id: 531674
2013-08-07 11:28:18,083 [[ACTIVE] ExecuteThread: '20' for queue: 'weblogic.kernel.Default (self-tuning)'] U:osl@OSL-NM A:fbd0e570 [PROFILER:132] DEBUG - URI=[/admin/privilege/regularUserPrivilege.xhtml], P, time=156ms
2013-08-07 11:28:18,209 [[ACTIVE] ExecuteThread: '2' for queue: 'weblogic.kernel.Default (self-tuning)'] U:osl@OSL-NM A:fbd0e570 [net.therap.admin.common.UserListBean:42] DEBUG - Initialize user list, provId=337554
2013-08-07 11:28:18,258 [[ACTIVE] ExecuteThread: '2' for queue: 'weblogic.kernel.Default (self-tuning)'] U:osl@OSL-NM A:fbd0e570 [net.therap.core.service.PrivilegeManagerBean:153] DEBUG - Destroying bean
2013-08-07 11:28:18,262 [[ACTIVE] ExecuteThread: '2' for queue: 'weblogic.kernel.Default (self-tuning)'] U:osl@OSL-NM A:fbd0e570 [PROFILER:132] DEBUG - URI=[/admin/privilege/userList.xhtml], G, time=60ms
2013-08-07 11:28:24,044 [[ACTIVE] ExecuteThread: '40' for queue: 'weblogic.kernel.Default (self-tuning)'] U:osl@OSL-NM A:fbd0e570 [net.therap.admin.privilege.CaseloadListBean:42] DEBUG - Initialize caseload list, provId=337554
2013-08-07 11:28:24,050 [[ACTIVE] ExecuteThread: '40' for queue: 'weblogic.kernel.Default (self-tuning)'] U:osl@OSL-NM A:fbd0e570 [net.therap.admin.privilege.SuperRoleListBean:42] DEBUG - Initialize super role list, provId=337554
2013-08-07 11:28:24,066 [[ACTIVE] ExecuteThread: '40' for queue: 'weblogic.kernel.Default (self-tuning)'] U:osl@OSL-NM A:fbd0e570 [net.therap.admin.privilege.RegularPrivilegeBean:42] DEBUG - initializeBean-e: loading login privilege userId=251803
2013-08-07 11:28:24,072 [[ACTIVE] ExecuteThread: '40' for queue: 'weblogic.kernel.Default (self-tuning)'] U:osl@OSL-NM A:fbd0e570 [net.therap.core.service.PrivilegeManagerBean:51] DEBUG - Loaded privilege, id: 251803
2013-08-07 11:28:24,086 [[ACTIVE] ExecuteThread: '40' for queue: 'weblogic.kernel.Default (self-tuning)'] U:osl@OSL-NM A:fbd0e570 [PROFILER:132] DEBUG - URI=[/admin/privilege/userList.xhtml], P, time=56ms
2013-08-07 11:28:24,283 [[ACTIVE] ExecuteThread: '48' for queue: 'weblogic.kernel.Default (self-tuning)'] U:osl@OSL-NM A:fbd0e570 [net.therap.admin.privilege.CaseloadListBean:42] DEBUG - Initialize caseload list, provId=337554
2013-08-07 11:28:24,290 [[ACTIVE] ExecuteThread: '48' for queue: 'weblogic.kernel.Default (self-tuning)'] U:osl@OSL-NM A:fbd0e570 [net.therap.admin.privilege.SuperRoleListBean:42] DEBUG - Initialize super role list, provId=337554
2013-08-07 11:28:24,320 [[ACTIVE] ExecuteThread: '48' for queue: 'weblogic.kernel.Default (self-tuning)'] U:osl@OSL-NM A:fbd0e570 [PROFILER:132] DEBUG - URI=[/admin/privilege/regularUserPrivilege.xhtml], G, time=114ms
2013-08-07 11:28:56,993 [[ACTIVE] ExecuteThread: '19' for queue: 'weblogic.kernel.Default (self-tuning)'] U:osl@OSL-NM A:fbd0e570 [net.therap.core.service.ArchiverServiceBean:30] DEBUG - archive-e: archivableClass=net.therap.db.entity.common.LoginPrivilege, changedBy=Login{id=228373, loginName='osl'}, tz=US/Mountain
2013-08-07 11:28:57,198 [[ACTIVE] ExecuteThread: '19' for queue: 'weblogic.kernel.Default (self-tuning)'] U:osl@OSL-NM A:fbd0e570 [net.therap.core.service.PrivilegeManagerBean:147] INFO  - Updated privilege, id: 251803
2013-08-07 11:28:57,223 [[ACTIVE] ExecuteThread: '19' for queue: 'weblogic.kernel.Default (self-tuning)'] U:osl@OSL-NM A:fbd0e570 [PROFILER:132] DEBUG - URI=[/admin/privilege/regularUserPrivilege.xhtml], P, time=249ms
2013-08-07 11:28:57,413 [[ACTIVE] ExecuteThread: '21' for queue: 'weblogic.kernel.Default (self-tuning)'] U:osl@OSL-NM A:fbd0e570 [net.therap.admin.common.UserListBean:42] DEBUG - Initialize user list, provId=337554
2013-08-07 11:28:57,462 [[ACTIVE] ExecuteThread: '21' for queue: 'weblogic.kernel.Default (self-tuning)'] U:osl@OSL-NM A:fbd0e570 [net.therap.core.service.PrivilegeManagerBean:153] DEBUG - Destroying bean
2013-08-07 11:28:57,468 [[ACTIVE] ExecuteThread: '21' for queue: 'weblogic.kernel.Default (self-tuning)'] U:osl@OSL-NM A:fbd0e570 [PROFILER:132] DEBUG - URI=[/admin/privilege/userList.xhtml], G, time=63ms
2013-08-07 11:29:10,832 [[ACTIVE] ExecuteThread: '52' for queue: 'weblogic.kernel.Default (self-tuning)'] U:osl@OSL-NM A:fbd0e570 [PROFILER:132] DEBUG - URI=[/ma/fpage/dashboard], G, time=0ms
2013-08-07 11:29:10,997 [[ACTIVE] ExecuteThread: '21' for queue: 'weblogic.kernel.Default (self-tuning)'] U:osl@OSL-NM A:fbd0e570 [PROFILER:132] DEBUG - URI=[/ma/newfpage/admin], G, time=39ms
2013-08-07 11:29:15,224 [[ACTIVE] ExecuteThread: '15' for queue: 'weblogic.kernel.Default (self-tuning)'] U:osl@OSL-NM A:fbd0e570 [PROFILER:132] DEBUG - URI=[/ma/admin2/userList], G, time=88ms
2013-08-07 11:30:41,575 [[ACTIVE] ExecuteThread: '51' for queue: 'weblogic.kernel.Default (self-tuning)'] U:osl@OSL-NM A:fbd0e570 [PROFILER:132] DEBUG - URI=[/ma/fpage/dashboard], G, time=0ms
2013-08-07 11:30:41,729 [[ACTIVE] ExecuteThread: '53' for queue: 'weblogic.kernel.Default (self-tuning)'] U:osl@OSL-NM A:fbd0e570 [PROFILER:132] DEBUG - URI=[/ma/newfpage/admin], G, time=41ms
2013-08-07 11:30:47,818 [[ACTIVE] ExecuteThread: '15' for queue: 'weblogic.kernel.Default (self-tuning)'] U:osl@OSL-NM A:fbd0e570 [PROFILER:132] DEBUG - URI=[/ma/admin2/userForm], G, time=51ms
2013-08-07 11:31:11,301 [[ACTIVE] ExecuteThread: '51' for queue: 'weblogic.kernel.Default (self-tuning)'] U:osl@OSL-NM A:fbd0e570 [PROFILER:132] DEBUG - URI=[/ma/common/generateUserInitial], G, time=3ms
2013-08-07 11:33:37,438 [[ACTIVE] ExecuteThread: '25' for queue: 'weblogic.kernel.Default (self-tuning)'] U:osl@OSL-NM A:fbd0e570 [PROFILER:132] DEBUG - URI=[/ma/padmin/popup/title], G, time=1ms
2013-08-07 11:34:56,583 [[ACTIVE] ExecuteThread: '43' for queue: 'weblogic.kernel.Default (self-tuning)'] U:osl@OSL-NM A:fbd0e570 [PROFILER:132] DEBUG - URI=[/ma/padmin/popup/title], P, time=9ms
2013-08-07 11:34:56,997 [[ACTIVE] ExecuteThread: '16' for queue: 'weblogic.kernel.Default (self-tuning)'] U:osl@OSL-NM A:fbd0e570 [PROFILER:132] DEBUG - URI=[/ma/admin2/saveUser], P, time=158ms
2013-08-07 11:35:27,165 [[ACTIVE] ExecuteThread: '28' for queue: 'weblogic.kernel.Default (self-tuning)'] U:osl@OSL-NM A:fbd0e570 [net.therap.common.dao.LoginDaoImpl:772] INFO  - Updating/Saving Login, id=0
2013-08-07 11:35:27,210 [[ACTIVE] ExecuteThread: '28' for queue: 'weblogic.kernel.Default (self-tuning)'] U:osl@OSL-NM A:fbd0e570 [PROFILER:132] DEBUG - URI=[/ma/admin2/saveUser], P, time=227ms
2013-08-07 11:35:27,422 [[ACTIVE] ExecuteThread: '49' for queue: 'weblogic.kernel.Default (self-tuning)'] U:osl@OSL-NM A:fbd0e570 [PROFILER:132] DEBUG - URI=[/ma/common/loginDetail], G, time=97ms
2013-08-07 11:36:11,334 [[ACTIVE] ExecuteThread: '17' for queue: 'weblogic.kernel.Default (self-tuning)'] U:osl@OSL-NM A:fbd0e570 [PROFILER:132] DEBUG - URI=[/ma/common/loginDetail], P, time=30ms
2013-08-07 11:36:11,477 [[ACTIVE] ExecuteThread: '10' for queue: 'weblogic.kernel.Default (self-tuning)'] U:osl@OSL-NM A:fbd0e570 [net.therap.admin.privilege.CaseloadListBean:42] DEBUG - Initialize caseload list, provId=337554
2013-08-07 11:36:11,486 [[ACTIVE] ExecuteThread: '10' for queue: 'weblogic.kernel.Default (self-tuning)'] U:osl@OSL-NM A:fbd0e570 [net.therap.admin.privilege.SuperRoleListBean:42] DEBUG - Initialize super role list, provId=337554
2013-08-07 11:36:11,519 [[ACTIVE] ExecuteThread: '10' for queue: 'weblogic.kernel.Default (self-tuning)'] U:osl@OSL-NM A:fbd0e570 [net.therap.admin.privilege.RegularPrivilegeBean:42] DEBUG - initializeBean-e: loading login privilege userId=729497
2013-08-07 11:36:11,527 [[ACTIVE] ExecuteThread: '10' for queue: 'weblogic.kernel.Default (self-tuning)'] U:osl@OSL-NM A:fbd0e570 [net.therap.core.service.PrivilegeManagerBean:51] DEBUG - Loaded privilege, id: 729497
2013-08-07 11:36:11,625 [[ACTIVE] ExecuteThread: '10' for queue: 'weblogic.kernel.Default (self-tuning)'] U:osl@OSL-NM A:fbd0e570 [PROFILER:132] DEBUG - URI=[/admin/privilege/regularUserPrivilege.xhtml], G, time=175ms
2013-08-07 11:37:09,978 [[ACTIVE] ExecuteThread: '58' for queue: 'weblogic.kernel.Default (self-tuning)'] U:osl@OSL-NM A:fbd0e570 [net.therap.core.service.ArchiverServiceBean:30] DEBUG - archive-e: archivableClass=net.therap.db.entity.common.LoginPrivilege, changedBy=Login{id=228373, loginName='osl'}, tz=US/Mountain
2013-08-07 11:37:09,992 [[ACTIVE] ExecuteThread: '58' for queue: 'weblogic.kernel.Default (self-tuning)'] U:osl@OSL-NM A:fbd0e570 [net.therap.core.service.PrivilegeManagerBean:147] INFO  - Updated privilege, id: 729497
2013-08-07 11:37:10,012 [[ACTIVE] ExecuteThread: '58' for queue: 'weblogic.kernel.Default (self-tuning)'] U:osl@OSL-NM A:fbd0e570 [PROFILER:132] DEBUG - URI=[/admin/privilege/regularUserPrivilege.xhtml], P, time=57ms
2013-08-07 11:37:10,130 [[ACTIVE] ExecuteThread: '18' for queue: 'weblogic.kernel.Default (self-tuning)'] U:osl@OSL-NM A:fbd0e570 [net.therap.admin.common.UserListBean:42] DEBUG - Initialize user list, provId=337554
2013-08-07 11:37:10,174 [[ACTIVE] ExecuteThread: '18' for queue: 'weblogic.kernel.Default (self-tuning)'] U:osl@OSL-NM A:fbd0e570 [net.therap.core.service.PrivilegeManagerBean:153] DEBUG - Destroying bean
2013-08-07 11:37:10,180 [[ACTIVE] ExecuteThread: '18' for queue: 'weblogic.kernel.Default (self-tuning)'] U:osl@OSL-NM A:fbd0e570 [PROFILER:132] DEBUG - URI=[/admin/privilege/userList.xhtml], G, time=55ms
2013-08-07 11:37:16,118 [[ACTIVE] ExecuteThread: '45' for queue: 'weblogic.kernel.Default (self-tuning)'] U:osl@OSL-NM A:fbd0e570 [PROFILER:132] DEBUG - URI=[/ma/fpage/dashboard], G, time=0ms
2013-08-07 11:37:16,464 [[ACTIVE] ExecuteThread: '31' for queue: 'weblogic.kernel.Default (self-tuning)'] U:osl@OSL-NM A:fbd0e570 [PROFILER:132] DEBUG - URI=[/ma/newfpage/admin], G, time=53ms
2013-08-07 11:37:18,629 [[ACTIVE] ExecuteThread: '50' for queue: 'weblogic.kernel.Default (self-tuning)'] U:osl@OSL-NM A:fbd0e570 [PROFILER:132] DEBUG - URI=[/ma/newfpage/switchFirstPage], G, time=1ms
2013-08-07 11:37:18,785 [[ACTIVE] ExecuteThread: '28' for queue: 'weblogic.kernel.Default (self-tuning)'] U:osl@OSL-NM A:fbd0e570 [PROFILER:132] DEBUG - URI=[/ma/newfpage/agency], G, time=30ms
2013-08-07 11:37:35,151 [[ACTIVE] ExecuteThread: '40' for queue: 'weblogic.kernel.Default (self-tuning)'] U:osl@OSL-NM A:fbd0e570 [PROFILER:132] DEBUG - URI=[/ma/newfpage/switchFirstPage], G, time=1ms
2013-08-07 11:37:35,293 [[ACTIVE] ExecuteThread: '18' for queue: 'weblogic.kernel.Default (self-tuning)'] U:osl@OSL-NM A:fbd0e570 [PROFILER:132] DEBUG - URI=[/ma/newfpage/admin], G, time=31ms
2013-08-07 11:37:42,707 [[ACTIVE] ExecuteThread: '50' for queue: 'weblogic.kernel.Default (self-tuning)'] U:osl@OSL-NM A:fbd0e570 [PROFILER:132] DEBUG - URI=[/ma/admin/progList.do], G, time=18ms
2013-08-07 11:37:50,865 [[ACTIVE] ExecuteThread: '37' for queue: 'weblogic.kernel.Default (self-tuning)'] U:osl@OSL-NM A:fbd0e570 [PROFILER:132] DEBUG - URI=[/ma/admin/createProgView.do], G, time=52ms
2013-08-07 11:39:26,455 [[ACTIVE] ExecuteThread: '34' for queue: 'weblogic.kernel.Default (self-tuning)'] U:osl@OSL-NM A:fbd0e570 [net.therap.provAdmin.dao.CaseloadDaoImpl:76] DEBUG - CaseloadDaoImpl- save(): id is: 0
2013-08-07 11:39:26,510 [[ACTIVE] ExecuteThread: '34' for queue: 'weblogic.kernel.Default (self-tuning)'] U:osl@OSL-NM A:fbd0e570 [net.therap.provAdmin.service.ActivityPublisher:86] DEBUG - Program Created. login 228373
2013-08-07 11:39:26,518 [[ACTIVE] ExecuteThread: '34' for queue: 'weblogic.kernel.Default (self-tuning)'] U:osl@OSL-NM A:fbd0e570 [PROFILER:132] DEBUG - URI=[/ma/admin/createProg.do], P, time=69ms
2013-08-07 11:39:26,689 [[ACTIVE] ExecuteThread: '49' for queue: 'weblogic.kernel.Default (self-tuning)'] U:osl@OSL-NM A:fbd0e570 [PROFILER:132] DEBUG - URI=[/ma/admin/progList.do], G, time=58ms
2013-08-07 11:39:42,497 [[ACTIVE] ExecuteThread: '47' for queue: 'weblogic.kernel.Default (self-tuning)'] U:osl@OSL-NM A:fbd0e570 [PROFILER:132] DEBUG - URI=[/ma/admin/progList.do], P, time=18ms
2013-08-07 11:39:53,879 [[ACTIVE] ExecuteThread: '36' for queue: 'weblogic.kernel.Default (self-tuning)'] U:osl@OSL-NM A:fbd0e570 [PROFILER:132] DEBUG - URI=[/ma/fpage/dashboard], G, time=0ms
2013-08-07 11:39:54,036 [[ACTIVE] ExecuteThread: '31' for queue: 'weblogic.kernel.Default (self-tuning)'] U:osl@OSL-NM A:fbd0e570 [PROFILER:132] DEBUG - URI=[/ma/newfpage/admin], G, time=39ms
2013-08-07 11:39:59,993 [[ACTIVE] ExecuteThread: '59' for queue: 'weblogic.kernel.Default (self-tuning)'] U:osl@OSL-NM A:fbd0e570 [PROFILER:132] DEBUG - URI=[/ma/admin/siteList.do], G, time=15ms
2013-08-07 11:40:07,053 [[ACTIVE] ExecuteThread: '37' for queue: 'weblogic.kernel.Default (self-tuning)'] U:osl@OSL-NM A:fbd0e570 [PROFILER:132] DEBUG - URI=[/ma/admin/editSiteView.do], G, time=40ms
2013-08-07 11:40:34,305 [[ACTIVE] ExecuteThread: '15' for queue: 'weblogic.kernel.Default (self-tuning)'] U:osl@OSL-NM A:fbd0e570 [net.therap.provAdmin.service.ActivityPublisher:86] DEBUG - Site Updated. login 228373
2013-08-07 11:40:34,314 [[ACTIVE] ExecuteThread: '15' for queue: 'weblogic.kernel.Default (self-tuning)'] U:osl@OSL-NM A:fbd0e570 [PROFILER:132] DEBUG - URI=[/ma/admin/editSite.do], P, time=27ms
2013-08-07 11:40:34,450 [[ACTIVE] ExecuteThread: '10' for queue: 'weblogic.kernel.Default (self-tuning)'] U:osl@OSL-NM A:fbd0e570 [PROFILER:132] DEBUG - URI=[/ma/admin/siteList.do], G, time=19ms
2013-08-07 11:40:42,989 [[ACTIVE] ExecuteThread: '43' for queue: 'weblogic.kernel.Default (self-tuning)'] U:osl@OSL-NM A:fbd0e570 [PROFILER:132] DEBUG - URI=[/ma/fpage/dashboard], G, time=0ms
2013-08-07 11:40:43,232 [[ACTIVE] ExecuteThread: '17' for queue: 'weblogic.kernel.Default (self-tuning)'] U:osl@OSL-NM A:fbd0e570 [PROFILER:132] DEBUG - URI=[/ma/newfpage/admin], G, time=35ms
2013-08-07 11:40:50,583 [[ACTIVE] ExecuteThread: '18' for queue: 'weblogic.kernel.Default (self-tuning)'] U:osl@OSL-NM A:fbd0e570 [PROFILER:132] DEBUG - URI=[/ma/client/clientList.do], G, time=15ms
2013-08-07 11:40:53,510 [[ACTIVE] ExecuteThread: '36' for queue: 'weblogic.kernel.Default (self-tuning)'] U:osl@OSL-NM A:fbd0e570 [net.therap.admin.common.ProgramListBean:42] DEBUG - Initialize Program list, provId=337554
2013-08-07 11:40:53,519 [[ACTIVE] ExecuteThread: '36' for queue: 'weblogic.kernel.Default (self-tuning)'] U:osl@OSL-NM A:fbd0e570 [net.therap.admin.privilege.ClientEnrollmentBean:42] DEBUG - initializeBean:-e clientId=7481091
2013-08-07 11:40:53,527 [[ACTIVE] ExecuteThread: '36' for queue: 'weblogic.kernel.Default (self-tuning)'] U:osl@OSL-NM A:fbd0e570 [net.therap.core.service.ClientUpdateManagerBean:61] DEBUG - Loaded client, formId: IDF-OSLNM-BA94PW2J855W4
2013-08-07 11:40:53,636 [[ACTIVE] ExecuteThread: '36' for queue: 'weblogic.kernel.Default (self-tuning)'] U:osl@OSL-NM A:fbd0e570 [PROFILER:132] DEBUG - URI=[/admin/privilege/clientEnrollment.xhtml], G, time=149ms
2013-08-07 11:41:01,409 [[ACTIVE] ExecuteThread: '58' for queue: 'weblogic.kernel.Default (self-tuning)'] U:osl@OSL-NM A:fbd0e570 [PROFILER:132] DEBUG - URI=[/admin/privilege/clientEnrollment.xhtml], P, time=107ms
2013-08-07 11:41:14,864 [[ACTIVE] ExecuteThread: '18' for queue: 'weblogic.kernel.Default (self-tuning)'] U:osl@OSL-NM A:fbd0e570 [PROFILER:132] DEBUG - URI=[/admin/privilege/clientEnrollment.xhtml], P, time=126ms
2013-08-07 11:41:17,372 [[ACTIVE] ExecuteThread: '37' for queue: 'weblogic.kernel.Default (self-tuning)'] U:osl@OSL-NM A:fbd0e570 [net.therap.core.service.ClientUpdateManagerBean:304] INFO  - Dropped enrollment of client: 7481091, to program: p:92783
2013-08-07 11:41:17,457 [[ACTIVE] ExecuteThread: '37' for queue: 'weblogic.kernel.Default (self-tuning)'] U:osl@OSL-NM A:fbd0e570 [PROFILER:132] DEBUG - URI=[/admin/privilege/clientEnrollment.xhtml], P, time=107ms
2013-08-07 11:41:22,590 [[ACTIVE] ExecuteThread: '34' for queue: 'weblogic.kernel.Default (self-tuning)'] U:osl@OSL-NM A:fbd0e570 [PROFILER:132] DEBUG - URI=[/admin/privilege/clientEnrollment.xhtml], P, time=82ms
2013-08-07 11:41:28,194 [[ACTIVE] ExecuteThread: '15' for queue: 'weblogic.kernel.Default (self-tuning)'] U:osl@OSL-NM A:fbd0e570 [PROFILER:132] DEBUG - URI=[/admin/privilege/clientEnrollment.xhtml], P, time=74ms
2013-08-07 11:41:30,260 [[ACTIVE] ExecuteThread: '43' for queue: 'weblogic.kernel.Default (self-tuning)'] U:osl@OSL-NM A:fbd0e570 [net.therap.core.service.ClientUpdateManagerBean:255] INFO  - Enrolled client: 7481091, to program: p:100916
2013-08-07 11:41:30,343 [[ACTIVE] ExecuteThread: '43' for queue: 'weblogic.kernel.Default (self-tuning)'] U:osl@OSL-NM A:fbd0e570 [PROFILER:132] DEBUG - URI=[/admin/privilege/clientEnrollment.xhtml], P, time=97ms
2013-08-07 11:41:33,582 [[ACTIVE] ExecuteThread: '47' for queue: 'weblogic.kernel.Default (self-tuning)'] U:osl@OSL-NM A:fbd0e570 [PROFILER:132] DEBUG - URI=[/admin/privilege/clientEnrollment.xhtml], P, time=78ms
2013-08-07 11:41:37,186 [[ACTIVE] ExecuteThread: '16' for queue: 'weblogic.kernel.Default (self-tuning)'] U:osl@OSL-NM A:fbd0e570 [net.therap.admin.privilege.ClientEnrollmentBean:42] DEBUG - Saving changes to client, clientId=7481091
2013-08-07 11:41:37,204 [[ACTIVE] ExecuteThread: '16' for queue: 'weblogic.kernel.Default (self-tuning)'] U:osl@OSL-NM A:fbd0e570 [net.therap.core.service.ClientUpdateManagerBean:383] INFO  - Saving client, formId: IDF-OSLNM-BA94PW2J855W4
2013-08-07 11:41:37,265 [[ACTIVE] ExecuteThread: '16' for queue: 'weblogic.kernel.Default (self-tuning)'] U:osl@OSL-NM A:fbd0e570 [net.therap.core.service.ClientUpdateManagerBean:418] INFO  - Saved changes to client, id: 7481091, formId: IDF-OSLNM-BA94PW2J855W4
2013-08-07 11:41:37,281 [[ACTIVE] ExecuteThread: '16' for queue: 'weblogic.kernel.Default (self-tuning)'] U:osl@OSL-NM A:fbd0e570 [net.therap.admin.privilege.ClientEnrollmentBean:42] DEBUG - Posting success message of client save, clientId=7481091
2013-08-07 11:41:37,287 [[ACTIVE] ExecuteThread: '16' for queue: 'weblogic.kernel.Default (self-tuning)'] U:osl@OSL-NM A:fbd0e570 [net.therap.core.service.ClientUpdateManagerBean:442] DEBUG - Destroying bean
2013-08-07 11:41:37,292 [[ACTIVE] ExecuteThread: '16' for queue: 'weblogic.kernel.Default (self-tuning)'] U:osl@OSL-NM A:fbd0e570 [PROFILER:132] DEBUG - URI=[/admin/privilege/clientEnrollment.xhtml], P, time=125ms
2013-08-07 11:41:37,430 [[ACTIVE] ExecuteThread: '31' for queue: 'weblogic.kernel.Default (self-tuning)'] U:osl@OSL-NM A:fbd0e570 [PROFILER:132] DEBUG - URI=[/ma/client/clientList.do], G, time=23ms
2013-08-07 11:41:46,675 [[ACTIVE] ExecuteThread: '59' for queue: 'weblogic.kernel.Default (self-tuning)'] U:osl@OSL-NM A:fbd0e570 [net.therap.admin.common.ProgramListBean:42] DEBUG - Initialize Program list, provId=337554
2013-08-07 11:41:46,686 [[ACTIVE] ExecuteThread: '59' for queue: 'weblogic.kernel.Default (self-tuning)'] U:osl@OSL-NM A:fbd0e570 [net.therap.admin.privilege.ClientEnrollmentBean:42] DEBUG - initializeBean:-e clientId=7481081
2013-08-07 11:41:46,696 [[ACTIVE] ExecuteThread: '59' for queue: 'weblogic.kernel.Default (self-tuning)'] U:osl@OSL-NM A:fbd0e570 [net.therap.core.service.ClientUpdateManagerBean:61] DEBUG - Loaded client, formId: IDF-OSLNM-BA84P6TVB55WM
2013-08-07 11:41:46,862 [[ACTIVE] ExecuteThread: '59' for queue: 'weblogic.kernel.Default (self-tuning)'] U:osl@OSL-NM A:fbd0e570 [PROFILER:132] DEBUG - URI=[/admin/privilege/clientEnrollment.xhtml], G, time=212ms
2013-08-07 11:41:55,176 [[ACTIVE] ExecuteThread: '45' for queue: 'weblogic.kernel.Default (self-tuning)'] U:osl@OSL-NM A:fbd0e570 [net.therap.admin.privilege.ClientEnrollmentBean:42] DEBUG - User pressed 'cancel', discarding changes
2013-08-07 11:41:55,182 [[ACTIVE] ExecuteThread: '45' for queue: 'weblogic.kernel.Default (self-tuning)'] U:osl@OSL-NM A:fbd0e570 [net.therap.core.service.ClientUpdateManagerBean:442] DEBUG - Destroying bean
2013-08-07 11:41:55,186 [[ACTIVE] ExecuteThread: '45' for queue: 'weblogic.kernel.Default (self-tuning)'] U:osl@OSL-NM A:fbd0e570 [PROFILER:132] DEBUG - URI=[/admin/privilege/clientEnrollment.xhtml], P, time=26ms
2013-08-07 11:41:55,317 [[ACTIVE] ExecuteThread: '31' for queue: 'weblogic.kernel.Default (self-tuning)'] U:osl@OSL-NM A:fbd0e570 [PROFILER:132] DEBUG - URI=[/ma/client/clientList.do], G, time=16ms
2013-08-07 11:42:03,083 [[ACTIVE] ExecuteThread: '59' for queue: 'weblogic.kernel.Default (self-tuning)'] U:osl@OSL-NM A:fbd0e570 [net.therap.admin.common.ProgramListBean:42] DEBUG - Initialize Program list, provId=337554
2013-08-07 11:42:03,091 [[ACTIVE] ExecuteThread: '59' for queue: 'weblogic.kernel.Default (self-tuning)'] U:osl@OSL-NM A:fbd0e570 [net.therap.admin.privilege.ClientEnrollmentBean:42] DEBUG - initializeBean:-e clientId=7443419
2013-08-07 11:42:03,100 [[ACTIVE] ExecuteThread: '59' for queue: 'weblogic.kernel.Default (self-tuning)'] U:osl@OSL-NM A:fbd0e570 [net.therap.core.service.ClientUpdateManagerBean:61] DEBUG - Loaded client, formId: IDF-OSLNM-B9D42J27SY
2013-08-07 11:42:03,193 [[ACTIVE] ExecuteThread: '59' for queue: 'weblogic.kernel.Default (self-tuning)'] U:osl@OSL-NM A:fbd0e570 [PROFILER:132] DEBUG - URI=[/admin/privilege/clientEnrollment.xhtml], G, time=136ms
2013-08-07 11:42:07,647 [[ACTIVE] ExecuteThread: '6' for queue: 'weblogic.kernel.Default (self-tuning)'] U:osl@OSL-NM A:fbd0e570 [net.therap.admin.privilege.ClientEnrollmentBean:42] DEBUG - User pressed 'cancel', discarding changes
2013-08-07 11:42:07,660 [[ACTIVE] ExecuteThread: '6' for queue: 'weblogic.kernel.Default (self-tuning)'] U:osl@OSL-NM A:fbd0e570 [net.therap.core.service.ClientUpdateManagerBean:442] DEBUG - Destroying bean
2013-08-07 11:42:07,667 [[ACTIVE] ExecuteThread: '6' for queue: 'weblogic.kernel.Default (self-tuning)'] U:osl@OSL-NM A:fbd0e570 [PROFILER:132] DEBUG - URI=[/admin/privilege/clientEnrollment.xhtml], P, time=38ms
2013-08-07 11:42:07,798 [[ACTIVE] ExecuteThread: '15' for queue: 'weblogic.kernel.Default (self-tuning)'] U:osl@OSL-NM A:fbd0e570 [PROFILER:132] DEBUG - URI=[/ma/client/clientList.do], G, time=15ms
2013-08-07 11:42:13,133 [[ACTIVE] ExecuteThread: '40' for queue: 'weblogic.kernel.Default (self-tuning)'] U:osl@OSL-NM A:fbd0e570 [net.therap.admin.common.ProgramListBean:42] DEBUG - Initialize Program list, provId=337554
2013-08-07 11:42:13,142 [[ACTIVE] ExecuteThread: '40' for queue: 'weblogic.kernel.Default (self-tuning)'] U:osl@OSL-NM A:fbd0e570 [net.therap.admin.privilege.ClientEnrollmentBean:42] DEBUG - initializeBean:-e clientId=5571006
2013-08-07 11:42:13,151 [[ACTIVE] ExecuteThread: '40' for queue: 'weblogic.kernel.Default (self-tuning)'] U:osl@OSL-NM A:fbd0e570 [net.therap.core.service.ClientUpdateManagerBean:61] DEBUG - Loaded client, formId: IDF-OSLNM-B873GEE3K4
2013-08-07 11:42:13,238 [[ACTIVE] ExecuteThread: '40' for queue: 'weblogic.kernel.Default (self-tuning)'] U:osl@OSL-NM A:fbd0e570 [PROFILER:132] DEBUG - URI=[/admin/privilege/clientEnrollment.xhtml], G, time=123ms
2013-08-07 11:42:16,369 [[ACTIVE] ExecuteThread: '15' for queue: 'weblogic.kernel.Default (self-tuning)'] U:osl@OSL-NM A:fbd0e570 [net.therap.admin.privilege.ClientEnrollmentBean:42] DEBUG - User pressed 'cancel', discarding changes
2013-08-07 11:42:16,376 [[ACTIVE] ExecuteThread: '15' for queue: 'weblogic.kernel.Default (self-tuning)'] U:osl@OSL-NM A:fbd0e570 [net.therap.core.service.ClientUpdateManagerBean:442] DEBUG - Destroying bean
2013-08-07 11:42:16,382 [[ACTIVE] ExecuteThread: '15' for queue: 'weblogic.kernel.Default (self-tuning)'] U:osl@OSL-NM A:fbd0e570 [PROFILER:132] DEBUG - URI=[/admin/privilege/clientEnrollment.xhtml], P, time=30ms
2013-08-07 11:42:16,520 [[ACTIVE] ExecuteThread: '10' for queue: 'weblogic.kernel.Default (self-tuning)'] U:osl@OSL-NM A:fbd0e570 [PROFILER:132] DEBUG - URI=[/ma/client/clientList.do], G, time=24ms
2013-08-07 11:42:23,252 [[ACTIVE] ExecuteThread: '18' for queue: 'weblogic.kernel.Default (self-tuning)'] U:osl@OSL-NM A:fbd0e570 [net.therap.admin.common.ProgramListBean:42] DEBUG - Initialize Program list, provId=337554
2013-08-07 11:42:23,263 [[ACTIVE] ExecuteThread: '18' for queue: 'weblogic.kernel.Default (self-tuning)'] U:osl@OSL-NM A:fbd0e570 [net.therap.admin.privilege.ClientEnrollmentBean:42] DEBUG - initializeBean:-e clientId=5249537
2013-08-07 11:42:23,275 [[ACTIVE] ExecuteThread: '18' for queue: 'weblogic.kernel.Default (self-tuning)'] U:osl@OSL-NM A:fbd0e570 [net.therap.core.service.ClientUpdateManagerBean:61] DEBUG - Loaded client, formId: IDF-OSLNM-9CG3NC7L65
2013-08-07 11:42:23,384 [[ACTIVE] ExecuteThread: '18' for queue: 'weblogic.kernel.Default (self-tuning)'] U:osl@OSL-NM A:fbd0e570 [PROFILER:132] DEBUG - URI=[/admin/privilege/clientEnrollment.xhtml], G, time=156ms
2013-08-07 11:42:26,554 [[ACTIVE] ExecuteThread: '6' for queue: 'weblogic.kernel.Default (self-tuning)'] U:osl@OSL-NM A:fbd0e570 [net.therap.admin.privilege.ClientEnrollmentBean:42] DEBUG - User pressed 'cancel', discarding changes
2013-08-07 11:42:26,560 [[ACTIVE] ExecuteThread: '6' for queue: 'weblogic.kernel.Default (self-tuning)'] U:osl@OSL-NM A:fbd0e570 [net.therap.core.service.ClientUpdateManagerBean:442] DEBUG - Destroying bean
2013-08-07 11:42:26,564 [[ACTIVE] ExecuteThread: '6' for queue: 'weblogic.kernel.Default (self-tuning)'] U:osl@OSL-NM A:fbd0e570 [PROFILER:132] DEBUG - URI=[/admin/privilege/clientEnrollment.xhtml], P, time=27ms
2013-08-07 11:42:26,704 [[ACTIVE] ExecuteThread: '34' for queue: 'weblogic.kernel.Default (self-tuning)'] U:osl@OSL-NM A:fbd0e570 [PROFILER:132] DEBUG - URI=[/ma/client/clientList.do], G, time=26ms
2013-08-07 11:42:35,160 [[ACTIVE] ExecuteThread: '18' for queue: 'weblogic.kernel.Default (self-tuning)'] U:osl@OSL-NM A:fbd0e570 [PROFILER:132] DEBUG - URI=[/ma/client/clientList.do], G, time=24ms
2013-08-07 11:42:45,979 [[ACTIVE] ExecuteThread: '45' for queue: 'weblogic.kernel.Default (self-tuning)'] U:osl@OSL-NM A:fbd0e570 [net.therap.admin.common.ProgramListBean:42] DEBUG - Initialize Program list, provId=337554
2013-08-07 11:42:45,989 [[ACTIVE] ExecuteThread: '45' for queue: 'weblogic.kernel.Default (self-tuning)'] U:osl@OSL-NM A:fbd0e570 [net.therap.admin.privilege.ClientEnrollmentBean:42] DEBUG - initializeBean:-e clientId=5249536
2013-08-07 11:42:45,997 [[ACTIVE] ExecuteThread: '45' for queue: 'weblogic.kernel.Default (self-tuning)'] U:osl@OSL-NM A:fbd0e570 [net.therap.core.service.ClientUpdateManagerBean:61] DEBUG - Loaded client, formId: IDF-OSLNM-9CG3N8LYJC
2013-08-07 11:42:46,092 [[ACTIVE] ExecuteThread: '45' for queue: 'weblogic.kernel.Default (self-tuning)'] U:osl@OSL-NM A:fbd0e570 [PROFILER:132] DEBUG - URI=[/admin/privilege/clientEnrollment.xhtml], G, time=138ms
2013-08-07 11:42:52,243 [[ACTIVE] ExecuteThread: '10' for queue: 'weblogic.kernel.Default (self-tuning)'] U:osl@OSL-NM A:fbd0e570 [net.therap.admin.privilege.ClientEnrollmentBean:42] DEBUG - User pressed 'cancel', discarding changes
2013-08-07 11:42:52,250 [[ACTIVE] ExecuteThread: '10' for queue: 'weblogic.kernel.Default (self-tuning)'] U:osl@OSL-NM A:fbd0e570 [net.therap.core.service.ClientUpdateManagerBean:442] DEBUG - Destroying bean
2013-08-07 11:42:52,256 [[ACTIVE] ExecuteThread: '10' for queue: 'weblogic.kernel.Default (self-tuning)'] U:osl@OSL-NM A:fbd0e570 [PROFILER:132] DEBUG - URI=[/admin/privilege/clientEnrollment.xhtml], P, time=26ms
2013-08-07 11:42:52,427 [[ACTIVE] ExecuteThread: '31' for queue: 'weblogic.kernel.Default (self-tuning)'] U:osl@OSL-NM A:fbd0e570 [PROFILER:132] DEBUG - URI=[/ma/client/clientList.do], G, time=15ms
